<?xml version="1.0" encoding="UTF-8"?>
<!-- Generated by org.testng.reporters.JUnitReportReporter -->
<testsuite hostname="LAPTOP-7TK2NK2E" failures="0" tests="1" name="com.maven.testAutomation.ThirdTest" time="0.010" errors="0" timestamp="2022-03-06T11:36:25 IST" skipped="0">
  <testcase classname="com.maven.testAutomation.ThirdTest" name="threeOne" time="0.010"/>
  <system-out/>
</testsuite> <!-- com.maven.testAutomation.ThirdTest -->
