<?xml version="1.0" encoding="UTF-8"?>
<!-- Generated by org.testng.reporters.JUnitReportReporter -->
<testsuite hostname="LAPTOP-7TK2NK2E" failures="0" tests="2" name="com.maven.testAutomation.FirstTest" time="0.010" errors="0" timestamp="2022-03-06T12:17:11 IST" skipped="0">
  <testcase classname="com.maven.testAutomation.FirstTest" name="oneOne" time="0.009"/>
  <system-out/>
  <testcase classname="com.maven.testAutomation.FirstTest" name="oneTwo" time="0.001"/>
  <system-out/>
</testsuite> <!-- com.maven.testAutomation.FirstTest -->
