<?xml version="1.0" encoding="UTF-8"?>
<!-- Generated by org.testng.reporters.JUnitReportReporter -->
<testsuite hostname="LAPTOP-7TK2NK2E" failures="0" tests="2" name="com.maven.testAutomation.First" time="0.005" errors="0" timestamp="2022-03-18T16:44:05 IST" skipped="0">
  <testcase classname="com.maven.testAutomation.First" name="oneTwo" time="0.001"/>
  <system-out/>
  <testcase classname="com.maven.testAutomation.First" name="oneOne" time="0.004"/>
  <system-out/>
</testsuite> <!-- com.maven.testAutomation.First -->
