<?xml version="1.0" encoding="UTF-8"?>
<!-- Generated by org.testng.reporters.JUnitReportReporter -->
<testsuite hostname="LAPTOP-7TK2NK2E" failures="0" tests="2" name="com.maven.testAutomation.SecondTest" time="0.002" errors="0" timestamp="2022-03-06T12:17:11 IST" skipped="0">
  <testcase classname="com.maven.testAutomation.SecondTest" name="twoTwo" time="0.001"/>
  <system-out/>
  <testcase classname="com.maven.testAutomation.SecondTest" name="twoOne" time="0.001"/>
  <system-out/>
</testsuite> <!-- com.maven.testAutomation.SecondTest -->
